<?xml version="1.0" encoding="UTF-8"?>
<!-- Generated by org.testng.reporters.JUnitReportReporter -->
<testsuite hostname="LAPTOP-QA1CU9CH" failures="0" tests="3" name="groupingTestCases.loginTest" time="0.008" errors="0" timestamp="2025-03-29T13:06:18 IST" skipped="0">
  <testcase classname="groupingTestCases.loginTest" name="loginUpByID" time="0.002"/>
  <testcase classname="groupingTestCases.loginTest" name="loginByFacebook" time="0.002"/>
  <testcase classname="groupingTestCases.loginTest" name="loginByGoogle" time="0.004"/>
</testsuite> <!-- groupingTestCases.loginTest -->
