<?xml version="1.0" encoding="UTF-8"?>
<!-- Generated by org.testng.reporters.JUnitReportReporter -->
<testsuite hostname="LAPTOP-QA1CU9CH" failures="0" tests="4" name="serialAndParallelTest.LoginTestCase" time="0.578" errors="0" timestamp="2025-03-29T12:01:07 IST" skipped="0">
  <testcase classname="serialAndParallelTest.LoginTestCase" name="loginTest" time="0.248"/>
  <testcase classname="serialAndParallelTest.LoginTestCase" name="loginTest" time="0.262"/>
  <testcase classname="serialAndParallelTest.LoginTestCase" name="logoTest" time="0.041"/>
  <testcase classname="serialAndParallelTest.LoginTestCase" name="logoTest" time="0.027"/>
</testsuite> <!-- serialAndParallelTest.LoginTestCase -->
