<?xml version="1.0" encoding="UTF-8"?>
<!-- Generated by org.testng.reporters.JUnitReportReporter -->
<testsuite hostname="LAPTOP-QA1CU9CH" failures="0" tests="2" name="usingPageFactory.LoginTest" time="0.323" errors="0" timestamp="2025-03-30T12:03:02 IST" skipped="0">
  <testcase classname="usingPageFactory.LoginTest" name="loginTest" time="0.292"/>
  <testcase classname="usingPageFactory.LoginTest" name="logoTest" time="0.031"/>
</testsuite> <!-- usingPageFactory.LoginTest -->
