<?xml version="1.0" encoding="UTF-8"?>
<!-- Generated by org.testng.reporters.JUnitReportReporter -->
<testsuite hostname="LAPTOP-QA1CU9CH" failures="0" tests="2" name="pageObjectModel.LoginTest" time="0.269" errors="0" timestamp="2025-03-30T10:56:45 IST" skipped="0">
  <testcase classname="pageObjectModel.LoginTest" name="loginTest" time="0.233"/>
  <testcase classname="pageObjectModel.LoginTest" name="logoTest" time="0.036"/>
</testsuite> <!-- pageObjectModel.LoginTest -->
