<?xml version="1.0" encoding="UTF-8"?>
<!-- Generated by org.testng.reporters.JUnitReportReporter -->
<testsuite hostname="LAPTOP-QA1CU9CH" failures="0" tests="1" name="com.seleniumGrid.TestSeleniumGridSetup" time="17.431" errors="0" timestamp="2025-03-30T13:17:50 IST" skipped="0">
  <testcase classname="com.seleniumGrid.TestSeleniumGridSetup" name="testSetUp" time="17.431"/>
</testsuite> <!-- com.seleniumGrid.TestSeleniumGridSetup -->
