<?xml version="1.0" encoding="UTF-8"?>
<!-- Generated by org.testng.reporters.JUnitReportReporter -->
<testsuite hostname="LAPTOP-QA1CU9CH" failures="0" tests="3" name="dataProviders.LoginTest" time="6.017" errors="0" timestamp="2025-03-29T12:28:30 IST" skipped="0">
  <testcase classname="dataProviders.LoginTest" name="loginTest" time="4.062"/>
  <testcase classname="dataProviders.LoginTest" name="loginTest" time="1.908"/>
  <testcase classname="dataProviders.LoginTest" name="logoTest" time="0.047"/>
</testsuite> <!-- dataProviders.LoginTest -->
