<?xml version="1.0" encoding="UTF-8"?>
<!-- Generated by org.testng.reporters.JUnitReportReporter -->
<testsuite hostname="LAPTOP-QA1CU9CH" failures="0" tests="2" name="groupingTestCases.PaymentTest" time="0.020" errors="0" timestamp="2025-03-29T13:09:20 IST" skipped="0">
  <testcase classname="groupingTestCases.PaymentTest" name="paymentInDollars" time="0.018"/>
  <testcase classname="groupingTestCases.PaymentTest" name="paymentInRupees" time="0.002"/>
</testsuite> <!-- groupingTestCases.PaymentTest -->
