<?xml version="1.0" encoding="UTF-8"?>
<!-- Generated by org.testng.reporters.JUnitReportReporter -->
<testsuite hostname="LAPTOP-QA1CU9CH" failures="0" tests="3" name="com.seleniumGrid.parallelTest" time="86.025" errors="0" timestamp="2025-03-30T14:00:33 IST" skipped="0">
  <testcase classname="com.seleniumGrid.parallelTest" name="testParallelEcecution" time="29.055"/>
  <testcase classname="com.seleniumGrid.parallelTest" name="testParallelEcecution" time="29.810"/>
  <testcase classname="com.seleniumGrid.parallelTest" name="testParallelEcecution" time="27.160"/>
</testsuite> <!-- com.seleniumGrid.parallelTest -->
